<?xml version="1.0" encoding="UTF-8"?>
<!-- Generated by org.testng.reporters.JUnitReportReporter -->
<testsuite skipped="0" hostname="L-0301" name="upgrade.automation.UpgradeToFrom" tests="1" failures="0" timestamp="2022-04-12T12:44:03 IST" time="109.135" errors="0">
  <testcase name="testUpgradeToFrom" time="109.135" classname="upgrade.automation.UpgradeToFrom"/>
</testsuite> <!-- upgrade.automation.UpgradeToFrom -->
